<?xml version="1.0" encoding="UTF-8"?>
<testng-results ignored="0" total="3" passed="3" failed="0" skipped="0">
  <reporter-output>
  </reporter-output>
  <suite started-at="2022-09-16T09:09:53 IST" name="Default suite" finished-at="2022-09-16T09:10:07 IST" duration-ms="14506">
    <groups>
      <group name="cucumber">
        <method signature="AbstractTestNGCucumberTests.runScenario(io.cucumber.testng.PickleWrapper,io.cucumber.testng.FeatureWrapper)[pri:0, instance:runner1.RunnerLogin@70e9c95d]" name="runScenario" class="io.cucumber.testng.AbstractTestNGCucumberTests"/>
      </group> <!-- cucumber -->
    </groups>
    <test started-at="2022-09-16T09:09:53 IST" name="Default test" finished-at="2022-09-16T09:10:07 IST" duration-ms="14506">
      <class name="runner1.RunnerLogin">
        <test-method is-config="true" signature="setUpClass(org.testng.ITestContext)[pri:0, instance:runner1.RunnerLogin@70e9c95d]" started-at="2022-09-16T09:09:53 IST" name="setUpClass" finished-at="2022-09-16T09:09:54 IST" duration-ms="864" status="PASS">
          <params>
            <param index="0">
              <value>
                <![CDATA[org.testng.TestRunner@3caee3a8]]>
              </value>
            </param>
          </params>
          <reporter-output>
          </reporter-output>
        </test-method> <!-- setUpClass -->
        <test-method signature="runScenario(io.cucumber.testng.PickleWrapper,io.cucumber.testng.FeatureWrapper)[pri:0, instance:runner1.RunnerLogin@70e9c95d]" started-at="2022-09-16T09:09:54 IST" name="runScenario" description="Runs Cucumber Scenarios" data-provider="scenarios" finished-at="2022-09-16T09:09:59 IST" duration-ms="5539" status="PASS">
          <params>
            <param index="0">
              <value>
                <![CDATA["Validate with positive and negative crediatial"]]>
              </value>
            </param>
            <param index="1">
              <value>
                <![CDATA["Optional[Validate the login function]"]]>
              </value>
            </param>
          </params>
          <reporter-output>
          </reporter-output>
        </test-method> <!-- runScenario -->
        <test-method signature="runScenario(io.cucumber.testng.PickleWrapper,io.cucumber.testng.FeatureWrapper)[pri:0, instance:runner1.RunnerLogin@70e9c95d]" started-at="2022-09-16T09:09:59 IST" name="runScenario" description="Runs Cucumber Scenarios" data-provider="scenarios" finished-at="2022-09-16T09:10:03 IST" duration-ms="3251" status="PASS">
          <params>
            <param index="0">
              <value>
                <![CDATA["Validate with positive and negative crediatial"]]>
              </value>
            </param>
            <param index="1">
              <value>
                <![CDATA["Optional[Validate the login function]"]]>
              </value>
            </param>
          </params>
          <reporter-output>
          </reporter-output>
        </test-method> <!-- runScenario -->
        <test-method signature="runScenario(io.cucumber.testng.PickleWrapper,io.cucumber.testng.FeatureWrapper)[pri:0, instance:runner1.RunnerLogin@70e9c95d]" started-at="2022-09-16T09:10:03 IST" name="runScenario" description="Runs Cucumber Scenarios" data-provider="scenarios" finished-at="2022-09-16T09:10:05 IST" duration-ms="2732" status="PASS">
          <params>
            <param index="0">
              <value>
                <![CDATA["Login with Invalid Credentionals"]]>
              </value>
            </param>
            <param index="1">
              <value>
                <![CDATA["Optional[Validate the login function]"]]>
              </value>
            </param>
          </params>
          <reporter-output>
          </reporter-output>
        </test-method> <!-- runScenario -->
        <test-method is-config="true" signature="tearDownClass()[pri:0, instance:runner1.RunnerLogin@70e9c95d]" started-at="2022-09-16T09:10:05 IST" name="tearDownClass" finished-at="2022-09-16T09:10:07 IST" duration-ms="2060" status="PASS">
          <reporter-output>
          </reporter-output>
        </test-method> <!-- tearDownClass -->
      </class> <!-- runner1.RunnerLogin -->
    </test> <!-- Default test -->
  </suite> <!-- Default suite -->
</testng-results>
