<?xml version="1.0" encoding="UTF-8"?>
<testng-results ignored="0" total="3" passed="3" failed="0" skipped="0">
  <reporter-output>
  </reporter-output>
  <suite started-at="2022-09-30T08:46:02 IST" name="Default suite" finished-at="2022-09-30T08:46:52 IST" duration-ms="50716">
    <groups>
      <group name="cucumber">
        <method signature="AbstractTestNGCucumberTests.runScenario(io.cucumber.testng.PickleWrapper,io.cucumber.testng.FeatureWrapper)[pri:0, instance:runner1.RunnerLogin@70e9c95d]" name="runScenario" class="io.cucumber.testng.AbstractTestNGCucumberTests"/>
      </group> <!-- cucumber -->
    </groups>
    <test started-at="2022-09-30T08:46:02 IST" name="Default test" finished-at="2022-09-30T08:46:52 IST" duration-ms="50716">
      <class name="runner1.RunnerLogin">
        <test-method is-config="true" signature="setUpClass(org.testng.ITestContext)[pri:0, instance:runner1.RunnerLogin@70e9c95d]" started-at="2022-09-30T08:46:02 IST" name="setUpClass" finished-at="2022-09-30T08:46:03 IST" duration-ms="1016" status="PASS">
          <params>
            <param index="0">
              <value>
                <![CDATA[org.testng.TestRunner@25a5c8e]]>
              </value>
            </param>
          </params>
          <reporter-output>
          </reporter-output>
        </test-method> <!-- setUpClass -->
        <test-method signature="runScenario(io.cucumber.testng.PickleWrapper,io.cucumber.testng.FeatureWrapper)[pri:0, instance:runner1.RunnerLogin@70e9c95d]" started-at="2022-09-30T08:46:03 IST" name="runScenario" description="Runs Cucumber Scenarios" data-provider="scenarios" finished-at="2022-09-30T08:46:28 IST" duration-ms="25790" status="PASS">
          <params>
            <param index="0">
              <value>
                <![CDATA["Validate with positive and negative crediatial"]]>
              </value>
            </param>
            <param index="1">
              <value>
                <![CDATA["Optional[Validate the login function]"]]>
              </value>
            </param>
          </params>
          <reporter-output>
          </reporter-output>
        </test-method> <!-- runScenario -->
        <test-method signature="runScenario(io.cucumber.testng.PickleWrapper,io.cucumber.testng.FeatureWrapper)[pri:0, instance:runner1.RunnerLogin@70e9c95d]" started-at="2022-09-30T08:46:28 IST" name="runScenario" description="Runs Cucumber Scenarios" data-provider="scenarios" finished-at="2022-09-30T08:46:37 IST" duration-ms="8823" status="PASS">
          <params>
            <param index="0">
              <value>
                <![CDATA["Validate with positive and negative crediatial"]]>
              </value>
            </param>
            <param index="1">
              <value>
                <![CDATA["Optional[Validate the login function]"]]>
              </value>
            </param>
          </params>
          <reporter-output>
          </reporter-output>
        </test-method> <!-- runScenario -->
        <test-method signature="runScenario(io.cucumber.testng.PickleWrapper,io.cucumber.testng.FeatureWrapper)[pri:0, instance:runner1.RunnerLogin@70e9c95d]" started-at="2022-09-30T08:46:37 IST" name="runScenario" description="Runs Cucumber Scenarios" data-provider="scenarios" finished-at="2022-09-30T08:46:47 IST" duration-ms="10129" status="PASS">
          <params>
            <param index="0">
              <value>
                <![CDATA["Login with Invalid Credentionals"]]>
              </value>
            </param>
            <param index="1">
              <value>
                <![CDATA["Optional[Validate the login function]"]]>
              </value>
            </param>
          </params>
          <reporter-output>
          </reporter-output>
        </test-method> <!-- runScenario -->
        <test-method is-config="true" signature="tearDownClass()[pri:0, instance:runner1.RunnerLogin@70e9c95d]" started-at="2022-09-30T08:46:47 IST" name="tearDownClass" finished-at="2022-09-30T08:46:52 IST" duration-ms="4904" status="PASS">
          <reporter-output>
          </reporter-output>
        </test-method> <!-- tearDownClass -->
      </class> <!-- runner1.RunnerLogin -->
    </test> <!-- Default test -->
  </suite> <!-- Default suite -->
</testng-results>
